CRITICAL - 2022-02-23 00:04:11 --> The framework needs the following extension(s) installed and loaded: intl.
#0 C:\bancorest\system\CodeIgniter.php(219): CodeIgniter\Exceptions\FrameworkException::forMissingExtension('intl')
#1 C:\bancorest\system\CodeIgniter.php(177): CodeIgniter\CodeIgniter->resolvePlatformExtensions()
#2 C:\bancorest\system\bootstrap.php(146): CodeIgniter\CodeIgniter->initialize()
#3 C:\bancorest\spark(45): require('C:\\bancorest\\sy...')
#4 {main}
CRITICAL - 2022-02-23 00:04:23 --> The framework needs the following extension(s) installed and loaded: intl.
#0 C:\bancorest\system\CodeIgniter.php(219): CodeIgniter\Exceptions\FrameworkException::forMissingExtension('intl')
#1 C:\bancorest\system\CodeIgniter.php(177): CodeIgniter\CodeIgniter->resolvePlatformExtensions()
#2 C:\bancorest\system\bootstrap.php(146): CodeIgniter\CodeIgniter->initialize()
#3 C:\bancorest\spark(45): require('C:\\bancorest\\sy...')
#4 {main}
CRITICAL - 2022-02-23 00:04:28 --> The framework needs the following extension(s) installed and loaded: intl.
#0 C:\bancorest\system\CodeIgniter.php(219): CodeIgniter\Exceptions\FrameworkException::forMissingExtension('intl')
#1 C:\bancorest\system\CodeIgniter.php(177): CodeIgniter\CodeIgniter->resolvePlatformExtensions()
#2 C:\bancorest\system\bootstrap.php(146): CodeIgniter\CodeIgniter->initialize()
#3 C:\bancorest\spark(45): require('C:\\bancorest\\sy...')
#4 {main}
CRITICAL - 2022-02-23 00:04:40 --> The framework needs the following extension(s) installed and loaded: intl.
#0 C:\bancorest\system\CodeIgniter.php(219): CodeIgniter\Exceptions\FrameworkException::forMissingExtension('intl')
#1 C:\bancorest\system\CodeIgniter.php(177): CodeIgniter\CodeIgniter->resolvePlatformExtensions()
#2 C:\bancorest\system\bootstrap.php(146): CodeIgniter\CodeIgniter->initialize()
#3 C:\bancorest\spark(45): require('C:\\bancorest\\sy...')
#4 {main}
CRITICAL - 2022-02-23 02:15:25 --> The framework needs the following extension(s) installed and loaded: intl.
#0 C:\bancorest\system\CodeIgniter.php(219): CodeIgniter\Exceptions\FrameworkException::forMissingExtension('intl')
#1 C:\bancorest\system\CodeIgniter.php(177): CodeIgniter\CodeIgniter->resolvePlatformExtensions()
#2 C:\bancorest\system\bootstrap.php(146): CodeIgniter\CodeIgniter->initialize()
#3 C:\bancorest\spark(45): require('C:\\bancorest\\sy...')
#4 {main}
CRITICAL - 2022-02-23 02:15:59 --> The framework needs the following extension(s) installed and loaded: intl.
#0 C:\bancorest\system\CodeIgniter.php(219): CodeIgniter\Exceptions\FrameworkException::forMissingExtension('intl')
#1 C:\bancorest\system\CodeIgniter.php(177): CodeIgniter\CodeIgniter->resolvePlatformExtensions()
#2 C:\bancorest\system\bootstrap.php(146): CodeIgniter\CodeIgniter->initialize()
#3 C:\bancorest\spark(45): require('C:\\bancorest\\sy...')
#4 {main}
CRITICAL - 2022-02-23 02:37:31 --> The framework needs the following extension(s) installed and loaded: intl.
#0 C:\bancorest\system\CodeIgniter.php(219): CodeIgniter\Exceptions\FrameworkException::forMissingExtension('intl')
#1 C:\bancorest\system\CodeIgniter.php(177): CodeIgniter\CodeIgniter->resolvePlatformExtensions()
#2 C:\bancorest\system\bootstrap.php(146): CodeIgniter\CodeIgniter->initialize()
#3 C:\bancorest\spark(45): require('C:\\bancorest\\sy...')
#4 {main}
CRITICAL - 2022-02-23 02:37:36 --> The framework needs the following extension(s) installed and loaded: intl.
#0 C:\bancorest\system\CodeIgniter.php(219): CodeIgniter\Exceptions\FrameworkException::forMissingExtension('intl')
#1 C:\bancorest\system\CodeIgniter.php(177): CodeIgniter\CodeIgniter->resolvePlatformExtensions()
#2 C:\bancorest\system\bootstrap.php(146): CodeIgniter\CodeIgniter->initialize()
#3 C:\bancorest\spark(45): require('C:\\bancorest\\sy...')
#4 {main}
CRITICAL - 2022-02-23 02:38:02 --> The framework needs the following extension(s) installed and loaded: intl.
#0 C:\bancorest\system\CodeIgniter.php(219): CodeIgniter\Exceptions\FrameworkException::forMissingExtension('intl')
#1 C:\bancorest\system\CodeIgniter.php(177): CodeIgniter\CodeIgniter->resolvePlatformExtensions()
#2 C:\bancorest\system\bootstrap.php(146): CodeIgniter\CodeIgniter->initialize()
#3 C:\bancorest\spark(45): require('C:\\bancorest\\sy...')
#4 {main}
CRITICAL - 2022-02-23 02:41:02 --> The framework needs the following extension(s) installed and loaded: intl.
#0 C:\bancorest\system\CodeIgniter.php(219): CodeIgniter\Exceptions\FrameworkException::forMissingExtension('intl')
#1 C:\bancorest\system\CodeIgniter.php(177): CodeIgniter\CodeIgniter->resolvePlatformExtensions()
#2 C:\bancorest\system\bootstrap.php(146): CodeIgniter\CodeIgniter->initialize()
#3 C:\bancorest\spark(45): require('C:\\bancorest\\sy...')
#4 {main}
CRITICAL - 2022-02-23 02:52:44 --> The framework needs the following extension(s) installed and loaded: intl.
#0 C:\bancorest\system\CodeIgniter.php(219): CodeIgniter\Exceptions\FrameworkException::forMissingExtension('intl')
#1 C:\bancorest\system\CodeIgniter.php(177): CodeIgniter\CodeIgniter->resolvePlatformExtensions()
#2 C:\bancorest\system\bootstrap.php(146): CodeIgniter\CodeIgniter->initialize()
#3 C:\bancorest\spark(45): require('C:\\bancorest\\sy...')
#4 {main}
CRITICAL - 2022-02-23 02:54:58 --> The framework needs the following extension(s) installed and loaded: intl.
#0 C:\bancorest\system\CodeIgniter.php(219): CodeIgniter\Exceptions\FrameworkException::forMissingExtension('intl')
#1 C:\bancorest\system\CodeIgniter.php(177): CodeIgniter\CodeIgniter->resolvePlatformExtensions()
#2 C:\bancorest\system\bootstrap.php(146): CodeIgniter\CodeIgniter->initialize()
#3 C:\bancorest\spark(45): require('C:\\bancorest\\sy...')
#4 {main}
CRITICAL - 2022-02-23 03:05:13 --> The framework needs the following extension(s) installed and loaded: intl.
#0 C:\bancorest\system\CodeIgniter.php(219): CodeIgniter\Exceptions\FrameworkException::forMissingExtension('intl')
#1 C:\bancorest\system\CodeIgniter.php(177): CodeIgniter\CodeIgniter->resolvePlatformExtensions()
#2 C:\bancorest\system\bootstrap.php(146): CodeIgniter\CodeIgniter->initialize()
#3 C:\bancorest\spark(45): require('C:\\bancorest\\sy...')
#4 {main}
CRITICAL - 2022-02-23 03:06:11 --> The framework needs the following extension(s) installed and loaded: intl.
#0 C:\bancorest\system\CodeIgniter.php(219): CodeIgniter\Exceptions\FrameworkException::forMissingExtension('intl')
#1 C:\bancorest\system\CodeIgniter.php(177): CodeIgniter\CodeIgniter->resolvePlatformExtensions()
#2 C:\bancorest\system\bootstrap.php(146): CodeIgniter\CodeIgniter->initialize()
#3 C:\bancorest\spark(45): require('C:\\bancorest\\sy...')
#4 {main}
CRITICAL - 2022-02-23 04:02:49 --> The framework needs the following extension(s) installed and loaded: intl.
#0 C:\bancorest\system\CodeIgniter.php(219): CodeIgniter\Exceptions\FrameworkException::forMissingExtension('intl')
#1 C:\bancorest\system\CodeIgniter.php(177): CodeIgniter\CodeIgniter->resolvePlatformExtensions()
#2 C:\bancorest\system\bootstrap.php(146): CodeIgniter\CodeIgniter->initialize()
#3 C:\bancorest\spark(45): require('C:\\bancorest\\sy...')
#4 {main}
CRITICAL - 2022-02-23 06:30:17 --> The framework needs the following extension(s) installed and loaded: intl.
#0 C:\xampp\htdocs\bancorest\system\CodeIgniter.php(219): CodeIgniter\Exceptions\FrameworkException::forMissingExtension('intl')
#1 C:\xampp\htdocs\bancorest\system\CodeIgniter.php(177): CodeIgniter\CodeIgniter->resolvePlatformExtensions()
#2 C:\xampp\htdocs\bancorest\system\bootstrap.php(146): CodeIgniter\CodeIgniter->initialize()
#3 C:\xampp\htdocs\bancorest\spark(45): require('C:\\xampp\\htdocs...')
#4 {main}
CRITICAL - 2022-02-23 07:15:37 --> The framework needs the following extension(s) installed and loaded: intl.
#0 C:\bancorest\system\CodeIgniter.php(219): CodeIgniter\Exceptions\FrameworkException::forMissingExtension('intl')
#1 C:\bancorest\system\CodeIgniter.php(177): CodeIgniter\CodeIgniter->resolvePlatformExtensions()
#2 C:\bancorest\system\bootstrap.php(146): CodeIgniter\CodeIgniter->initialize()
#3 C:\bancorest\spark(45): require('C:\\bancorest\\sy...')
#4 {main}
CRITICAL - 2022-02-23 13:53:36 --> syntax error, unexpected end of file
#0 C:\bancorest\system\CodeIgniter.php(361): CodeIgniter\CodeIgniter->tryToRouteIt(NULL)
#1 C:\bancorest\system\CodeIgniter.php(320): CodeIgniter\CodeIgniter->handleRequest(NULL, Object(Config\Cache), false)
#2 C:\bancorest\system\CLI\Console.php(48): CodeIgniter\CodeIgniter->run()
#3 C:\bancorest\spark(63): CodeIgniter\CLI\Console->run()
#4 {main}
CRITICAL - 2022-02-23 13:53:51 --> syntax error, unexpected end of file
#0 C:\bancorest\system\CodeIgniter.php(361): CodeIgniter\CodeIgniter->tryToRouteIt(NULL)
#1 C:\bancorest\system\CodeIgniter.php(320): CodeIgniter\CodeIgniter->handleRequest(NULL, Object(Config\Cache), false)
#2 C:\bancorest\system\CLI\Console.php(48): CodeIgniter\CodeIgniter->run()
#3 C:\bancorest\spark(63): CodeIgniter\CLI\Console->run()
#4 {main}
CRITICAL - 2022-02-23 13:54:39 --> syntax error, unexpected end of file
#0 C:\bancorest\system\CodeIgniter.php(361): CodeIgniter\CodeIgniter->tryToRouteIt(NULL)
#1 C:\bancorest\system\CodeIgniter.php(320): CodeIgniter\CodeIgniter->handleRequest(NULL, Object(Config\Cache), false)
#2 C:\bancorest\system\CLI\Console.php(48): CodeIgniter\CodeIgniter->run()
#3 C:\bancorest\spark(63): CodeIgniter\CLI\Console->run()
#4 {main}
CRITICAL - 2022-02-23 22:46:35 --> syntax error, unexpected end of file
#0 C:\bancorest\system\CodeIgniter.php(361): CodeIgniter\CodeIgniter->tryToRouteIt(NULL)
#1 C:\bancorest\system\CodeIgniter.php(320): CodeIgniter\CodeIgniter->handleRequest(NULL, Object(Config\Cache), false)
#2 C:\bancorest\system\CLI\Console.php(48): CodeIgniter\CodeIgniter->run()
#3 C:\bancorest\spark(63): CodeIgniter\CLI\Console->run()
#4 {main}
CRITICAL - 2022-02-23 23:02:11 --> syntax error, unexpected token "}", expecting variable or "{" or "$"
#0 C:\bancorest\system\CodeIgniter.php(361): CodeIgniter\CodeIgniter->tryToRouteIt(NULL)
#1 C:\bancorest\system\CodeIgniter.php(320): CodeIgniter\CodeIgniter->handleRequest(NULL, Object(Config\Cache), false)
#2 C:\bancorest\system\CLI\Console.php(48): CodeIgniter\CodeIgniter->run()
#3 C:\bancorest\spark(63): CodeIgniter\CLI\Console->run()
#4 {main}
