CRITICAL - 2022-03-02 09:00:05 --> Unclosed '{' on line 34
#0 C:\bancorest\system\CodeIgniter.php(361): CodeIgniter\CodeIgniter->tryToRouteIt(NULL)
#1 C:\bancorest\system\CodeIgniter.php(320): CodeIgniter\CodeIgniter->handleRequest(NULL, Object(Config\Cache), false)
#2 C:\bancorest\system\CLI\Console.php(48): CodeIgniter\CodeIgniter->run()
#3 C:\bancorest\spark(63): CodeIgniter\CLI\Console->run()
#4 {main}
CRITICAL - 2022-03-02 09:01:50 --> Undefined variable $router
#0 C:\bancorest\app\Config\Routes.php(62): CodeIgniter\Debug\Exceptions->errorHandler(2, 'Undefined varia...', 'C:\\bancorest\\ap...', 62)
#1 C:\bancorest\system\CodeIgniter.php(706): require('C:\\bancorest\\ap...')
#2 C:\bancorest\system\CodeIgniter.php(361): CodeIgniter\CodeIgniter->tryToRouteIt(Object(CodeIgniter\Router\RouteCollection))
#3 C:\bancorest\system\CodeIgniter.php(320): CodeIgniter\CodeIgniter->handleRequest(NULL, Object(Config\Cache), false)
#4 C:\bancorest\system\CLI\Console.php(48): CodeIgniter\CodeIgniter->run()
#5 C:\bancorest\spark(63): CodeIgniter\CLI\Console->run()
#6 {main}
CRITICAL - 2022-03-02 10:39:59 --> Undefined variable $router
#0 C:\bancorest\app\Config\Routes.php(62): CodeIgniter\Debug\Exceptions->errorHandler(2, 'Undefined varia...', 'C:\\bancorest\\ap...', 62)
#1 C:\bancorest\system\CodeIgniter.php(706): require('C:\\bancorest\\ap...')
#2 C:\bancorest\system\CodeIgniter.php(361): CodeIgniter\CodeIgniter->tryToRouteIt(Object(CodeIgniter\Router\RouteCollection))
#3 C:\bancorest\system\CodeIgniter.php(320): CodeIgniter\CodeIgniter->handleRequest(NULL, Object(Config\Cache), false)
#4 C:\bancorest\system\CLI\Console.php(48): CodeIgniter\CodeIgniter->run()
#5 C:\bancorest\spark(63): CodeIgniter\CLI\Console->run()
#6 {main}
CRITICAL - 2022-03-02 10:40:58 --> Undefined variable $router
#0 C:\bancorest\app\Config\Routes.php(61): CodeIgniter\Debug\Exceptions->errorHandler(2, 'Undefined varia...', 'C:\\bancorest\\ap...', 61)
#1 C:\bancorest\system\CodeIgniter.php(706): require('C:\\bancorest\\ap...')
#2 C:\bancorest\system\CodeIgniter.php(361): CodeIgniter\CodeIgniter->tryToRouteIt(Object(CodeIgniter\Router\RouteCollection))
#3 C:\bancorest\system\CodeIgniter.php(320): CodeIgniter\CodeIgniter->handleRequest(NULL, Object(Config\Cache), false)
#4 C:\bancorest\system\CLI\Console.php(48): CodeIgniter\CodeIgniter->run()
#5 C:\bancorest\spark(63): CodeIgniter\CLI\Console->run()
#6 {main}
CRITICAL - 2022-03-02 12:04:28 --> Undefined variable $router
#0 C:\bancorest\app\Config\Routes.php(61): CodeIgniter\Debug\Exceptions->errorHandler(2, 'Undefined varia...', 'C:\\bancorest\\ap...', 61)
#1 C:\bancorest\system\CodeIgniter.php(706): require('C:\\bancorest\\ap...')
#2 C:\bancorest\system\CodeIgniter.php(361): CodeIgniter\CodeIgniter->tryToRouteIt(Object(CodeIgniter\Router\RouteCollection))
#3 C:\bancorest\system\CodeIgniter.php(320): CodeIgniter\CodeIgniter->handleRequest(NULL, Object(Config\Cache), false)
#4 C:\bancorest\system\CLI\Console.php(48): CodeIgniter\CodeIgniter->run()
#5 C:\bancorest\spark(63): CodeIgniter\CLI\Console->run()
#6 {main}
CRITICAL - 2022-03-02 13:45:55 --> Undefined variable $router
#0 C:\bancorest\app\Config\Routes.php(61): CodeIgniter\Debug\Exceptions->errorHandler(2, 'Undefined varia...', 'C:\\bancorest\\ap...', 61)
#1 C:\bancorest\system\CodeIgniter.php(706): require('C:\\bancorest\\ap...')
#2 C:\bancorest\system\CodeIgniter.php(361): CodeIgniter\CodeIgniter->tryToRouteIt(Object(CodeIgniter\Router\RouteCollection))
#3 C:\bancorest\system\CodeIgniter.php(320): CodeIgniter\CodeIgniter->handleRequest(NULL, Object(Config\Cache), false)
#4 C:\bancorest\system\CLI\Console.php(48): CodeIgniter\CodeIgniter->run()
#5 C:\bancorest\spark(63): CodeIgniter\CLI\Console->run()
#6 {main}
CRITICAL - 2022-03-02 13:46:36 --> Undefined variable $router
#0 C:\bancorest\app\Config\Routes.php(61): CodeIgniter\Debug\Exceptions->errorHandler(2, 'Undefined varia...', 'C:\\bancorest\\ap...', 61)
#1 C:\bancorest\system\CodeIgniter.php(706): require('C:\\bancorest\\ap...')
#2 C:\bancorest\system\CodeIgniter.php(361): CodeIgniter\CodeIgniter->tryToRouteIt(Object(CodeIgniter\Router\RouteCollection))
#3 C:\bancorest\system\CodeIgniter.php(320): CodeIgniter\CodeIgniter->handleRequest(NULL, Object(Config\Cache), false)
#4 C:\bancorest\system\CLI\Console.php(48): CodeIgniter\CodeIgniter->run()
#5 C:\bancorest\spark(63): CodeIgniter\CLI\Console->run()
#6 {main}
